<?xml version="1.0" encoding="UTF-8"?>
<!-- Generated by org.testng.reporters.JUnitReportReporter -->
<testsuite hostname="LAPTOP-NLHU7H1D" name="testcase.HandleMultipleDeropdown" tests="2" failures="0" timestamp="12 May 2019 06:48:04 GMT" time="1.199" errors="0">
  <testcase name="getDataFromAllDropdown" time="1.066" classname="testcase.HandleMultipleDeropdown"/>
  <testcase name="getDataFromSpecificDropdown" time="0.133" classname="testcase.HandleMultipleDeropdown"/>
</testsuite> <!-- testcase.HandleMultipleDeropdown -->
