<?xml version="1.0" encoding="UTF-8"?>
<!-- Generated by org.testng.reporters.JUnitReportReporter -->
<testsuite hostname="LAPTOP-NLHU7H1D" name="testcase.CrossBrowserTesting" tests="1" failures="0" timestamp="7 May 2019 04:57:48 GMT" time="4.388" errors="0">
  <testcase name="crossBrowser" time="4.388" classname="testcase.CrossBrowserTesting"/>
</testsuite> <!-- testcase.CrossBrowserTesting -->
