<?xml version="1.0" encoding="UTF-8"?>
<!-- Generated by org.testng.reporters.JUnitReportReporter -->
<testsuite hostname="LAPTOP-NLHU7H1D" name="testcase.WikiPediaDeropdown" tests="1" failures="0" timestamp="12 May 2019 08:28:40 GMT" time="4.993" errors="0">
  <testcase name="getDataFromAllDropdown" time="4.993" classname="testcase.WikiPediaDeropdown"/>
</testsuite> <!-- testcase.WikiPediaDeropdown -->
