<?xml version="1.0" encoding="UTF-8"?>
<!-- Generated by org.testng.reporters.JUnitReportReporter -->
<testsuite hostname="LAPTOP-NLHU7H1D" name="testcase.ExtentReportsDemo" tests="1" failures="0" timestamp="15 May 2019 15:07:10 GMT" time="0.527" errors="0">
  <testcase name="logintest" time="0.527" classname="testcase.ExtentReportsDemo"/>
</testsuite> <!-- testcase.ExtentReportsDemo -->
