<?xml version="1.0" encoding="UTF-8"?>
<!-- Generated by org.testng.reporters.JUnitReportReporter -->
<testsuite hostname="LAPTOP-NLHU7H1D" name="com.testingking.SeleniumBrushup.CrossBrowserTesting" tests="1" failures="0" timestamp="7 May 2019 04:56:16 GMT" time="7.846" errors="0">
  <testcase name="crossBrowser" time="7.846" classname="com.testingking.SeleniumBrushup.CrossBrowserTesting"/>
</testsuite> <!-- com.testingking.SeleniumBrushup.CrossBrowserTesting -->
