<?xml version="1.0" encoding="UTF-8"?>
<!-- Generated by org.testng.reporters.JUnitReportReporter -->
<testsuite hostname="LAPTOP-NLHU7H1D" name="testcase.MultipleWindowHandle" tests="1" failures="0" timestamp="11 May 2019 10:43:45 GMT" time="23.950" errors="0">
  <testcase name="mwhDemo" time="23.950" classname="testcase.MultipleWindowHandle"/>
</testsuite> <!-- testcase.MultipleWindowHandle -->
