<?xml version="1.0" encoding="UTF-8"?>
<!-- Generated by org.testng.reporters.JUnitReportReporter -->
<testsuite hostname="LAPTOP-NLHU7H1D" name="testcase.ReadDataFromPropFile" tests="1" failures="0" timestamp="7 May 2019 07:22:38 GMT" time="2.507" errors="0">
  <testcase name="loginToGmail" time="2.507" classname="testcase.ReadDataFromPropFile"/>
</testsuite> <!-- testcase.ReadDataFromPropFile -->
