<?xml version="1.0" encoding="UTF-8"?>
<!-- Generated by org.testng.reporters.JUnitReportReporter -->
<testsuite hostname="LAPTOP-NLHU7H1D" name="testcase.Rediff_DynammicWebTable" tests="1" failures="0" timestamp="10 May 2019 10:07:44 GMT" time="60.180" errors="0">
  <testcase name="dynamicWebTable" time="60.180" classname="testcase.Rediff_DynammicWebTable"/>
</testsuite> <!-- testcase.Rediff_DynammicWebTable -->
