<?xml version="1.0" encoding="UTF-8"?>
<!-- Generated by org.testng.reporters.JUnitReportReporter -->
<testsuite hostname="LAPTOP-NLHU7H1D" name="testcase.DataProviderAnnotation" tests="3" failures="0" timestamp="13 May 2019 11:55:42 GMT" time="0.016" errors="0">
  <testcase name="doLoginTest" time="0.016" classname="testcase.DataProviderAnnotation"/>
  <testcase name="doLoginTest" time="0.000" classname="testcase.DataProviderAnnotation"/>
  <testcase name="doLoginTest" time="0.000" classname="testcase.DataProviderAnnotation"/>
</testsuite> <!-- testcase.DataProviderAnnotation -->
