<?xml version="1.0" encoding="UTF-8"?>
<!-- Generated by org.testng.reporters.JUnitReportReporter -->
<testsuite hostname="LAPTOP-NLHU7H1D" name="testcase.Linkedintest" tests="1" failures="0" timestamp="16 May 2019 10:01:04 GMT" time="6.110" errors="0">
  <testcase name="searchTest" time="6.110" classname="testcase.Linkedintest"/>
</testsuite> <!-- testcase.Linkedintest -->
