<?xml version="1.0" encoding="UTF-8"?>
<!-- Generated by org.testng.reporters.JUnitReportReporter -->
<testsuite hostname="LAPTOP-NLHU7H1D" name="testcase.ExtentReportsDemo2" tests="1" failures="0" timestamp="16 May 2019 09:32:58 GMT" time="0.356" errors="0">
  <testcase name="logintest" time="0.356" classname="testcase.ExtentReportsDemo2"/>
</testsuite> <!-- testcase.ExtentReportsDemo2 -->
