<?xml version="1.0" encoding="UTF-8"?>
<!-- Generated by org.testng.reporters.JUnitReportReporter -->
<testsuite hostname="LAPTOP-NLHU7H1D" name="testcase.ScreenCapture" tests="1" failures="0" timestamp="7 May 2019 12:11:43 GMT" time="4.241" errors="0">
  <testcase name="rediffLogin" time="4.241" classname="testcase.ScreenCapture"/>
</testsuite> <!-- testcase.ScreenCapture -->
