<?xml version="1.0" encoding="UTF-8"?>
<!-- Generated by org.testng.reporters.JUnitReportReporter -->
<testsuite hostname="LAPTOP-NLHU7H1D" name="testcase.MultipleCheckBoxes" tests="1" failures="0" timestamp="12 May 2019 16:21:44 GMT" time="2.979" errors="0">
  <testcase name="multiCheckBox" time="2.979" classname="testcase.MultipleCheckBoxes"/>
</testsuite> <!-- testcase.MultipleCheckBoxes -->
